<?xml version="1.0" encoding="UTF-8"?>
<coverage generated="1607856122088" clover="3.2.0">
  <project timestamp="1607856122088" name="All files">
    <metrics statements="95" coveredstatements="93" conditionals="51" coveredconditionals="48" methods="22" coveredmethods="22" elements="168" coveredelements="163" complexity="0" loc="95" ncloc="95" packages="1" files="1" classes="1"/>
    <file name="index.ts" path="/Users/josh/dev/duration/src/index.ts">
      <metrics statements="95" coveredstatements="93" conditionals="51" coveredconditionals="48" methods="22" coveredmethods="22"/>
      <line num="1" count="1" type="stmt"/>
      <line num="2" count="1" type="stmt"/>
      <line num="14" count="1" type="stmt"/>
      <line num="15" count="1" type="stmt"/>
      <line num="16" count="1" type="stmt"/>
      <line num="17" count="1" type="stmt"/>
      <line num="18" count="1" type="stmt"/>
      <line num="20" count="1" type="stmt"/>
      <line num="22" count="1" type="stmt"/>
      <line num="26" count="29" type="stmt"/>
      <line num="29" count="29" type="cond" truecount="1" falsecount="1"/>
      <line num="30" count="29" type="stmt"/>
      <line num="31" count="29" type="cond" truecount="1" falsecount="1"/>
      <line num="32" count="0" type="stmt"/>
      <line num="33" count="0" type="stmt"/>
      <line num="35" count="29" type="stmt"/>
      <line num="37" count="11" type="stmt"/>
      <line num="39" count="6" type="stmt"/>
      <line num="41" count="4" type="stmt"/>
      <line num="43" count="4" type="stmt"/>
      <line num="45" count="4" type="stmt"/>
      <line num="49" count="1" type="stmt"/>
      <line num="50" count="10" type="stmt"/>
      <line num="53" count="1" type="stmt"/>
      <line num="54" count="5" type="stmt"/>
      <line num="57" count="1" type="stmt"/>
      <line num="58" count="3" type="stmt"/>
      <line num="61" count="1" type="stmt"/>
      <line num="62" count="3" type="stmt"/>
      <line num="65" count="1" type="stmt"/>
      <line num="66" count="3" type="stmt"/>
      <line num="69" count="1" type="stmt"/>
      <line num="70" count="5" type="stmt"/>
      <line num="73" count="1" type="stmt"/>
      <line num="74" count="22" type="stmt"/>
      <line num="76" count="4" type="stmt"/>
      <line num="78" count="4" type="stmt"/>
      <line num="80" count="5" type="stmt"/>
      <line num="82" count="5" type="stmt"/>
      <line num="84" count="4" type="stmt"/>
      <line num="88" count="1" type="stmt"/>
      <line num="89" count="1" type="stmt"/>
      <line num="92" count="1" type="stmt"/>
      <line num="93" count="1" type="stmt"/>
      <line num="96" count="1" type="stmt"/>
      <line num="97" count="1" type="stmt"/>
      <line num="100" count="1" type="stmt"/>
      <line num="101" count="1" type="stmt"/>
      <line num="104" count="1" type="stmt"/>
      <line num="105" count="1" type="stmt"/>
      <line num="108" count="1" type="stmt"/>
      <line num="109" count="10" type="stmt"/>
      <line num="111" count="2" type="cond" truecount="2" falsecount="0"/>
      <line num="113" count="2" type="cond" truecount="2" falsecount="0"/>
      <line num="115" count="2" type="cond" truecount="2" falsecount="0"/>
      <line num="117" count="2" type="cond" truecount="2" falsecount="0"/>
      <line num="119" count="2" type="cond" truecount="2" falsecount="0"/>
      <line num="123" count="61" type="cond" truecount="2" falsecount="0"/>
      <line num="124" count="32" type="stmt"/>
      <line num="126" count="32" type="cond" truecount="4" falsecount="0"/>
      <line num="127" count="32" type="cond" truecount="4" falsecount="0"/>
      <line num="128" count="32" type="stmt"/>
      <line num="130" count="32" type="stmt"/>
      <line num="131" count="176" type="cond" truecount="2" falsecount="0"/>
      <line num="132" count="42" type="stmt"/>
      <line num="133" count="42" type="stmt"/>
      <line num="134" count="42" type="stmt"/>
      <line num="136" count="118" type="stmt"/>
      <line num="139" count="32" type="stmt"/>
      <line num="140" count="43" type="stmt"/>
      <line num="141" count="43" type="stmt"/>
      <line num="142" count="43" type="stmt"/>
      <line num="143" count="43" type="stmt"/>
      <line num="144" count="43" type="cond" truecount="2" falsecount="0"/>
      <line num="145" count="5" type="stmt"/>
      <line num="147" count="38" type="stmt"/>
      <line num="151" count="32" type="stmt"/>
      <line num="152" count="12" type="stmt"/>
      <line num="153" count="12" type="stmt"/>
      <line num="154" count="12" type="stmt"/>
      <line num="155" count="12" type="stmt"/>
      <line num="156" count="12" type="cond" truecount="2" falsecount="0"/>
      <line num="157" count="5" type="stmt"/>
      <line num="159" count="7" type="stmt"/>
      <line num="163" count="32" type="stmt"/>
      <line num="166" count="1" type="stmt"/>
      <line num="168" count="55" type="cond" truecount="1" falsecount="1"/>
      <line num="170" count="55" type="stmt"/>
      <line num="171" count="55" type="stmt"/>
      <line num="172" count="55" type="cond" truecount="2" falsecount="0"/>
      <line num="173" count="5" type="stmt"/>
      <line num="175" count="50" type="cond" truecount="2" falsecount="0"/>
      <line num="176" count="3" type="stmt"/>
      <line num="178" count="47" type="stmt"/>
      <line num="180" count="1" type="stmt"/>
    </file>
  </project>
</coverage>
