<?xml version="1.0" encoding="UTF-8"?>
<coverage generated="1607803523504" clover="3.2.0">
  <project timestamp="1607803523504" name="All files">
    <metrics statements="73" coveredstatements="70" conditionals="28" coveredconditionals="24" methods="15" coveredmethods="15" elements="116" coveredelements="109" complexity="0" loc="73" ncloc="73" packages="1" files="1" classes="1"/>
    <file name="index.ts" path="/Users/josh/dev/duration/src/index.ts">
      <metrics statements="73" coveredstatements="70" conditionals="28" coveredconditionals="24" methods="15" coveredmethods="15"/>
      <line num="11" count="1" type="stmt"/>
      <line num="12" count="1" type="stmt"/>
      <line num="13" count="1" type="stmt"/>
      <line num="14" count="1" type="stmt"/>
      <line num="16" count="1" type="stmt"/>
      <line num="20" count="18" type="stmt"/>
      <line num="23" count="18" type="cond" truecount="1" falsecount="1"/>
      <line num="24" count="18" type="stmt"/>
      <line num="25" count="18" type="cond" truecount="1" falsecount="1"/>
      <line num="26" count="0" type="stmt"/>
      <line num="27" count="0" type="stmt"/>
      <line num="29" count="18" type="stmt"/>
      <line num="31" count="9" type="stmt"/>
      <line num="33" count="3" type="stmt"/>
      <line num="35" count="3" type="stmt"/>
      <line num="37" count="3" type="stmt"/>
      <line num="41" count="1" type="stmt"/>
      <line num="42" count="8" type="stmt"/>
      <line num="45" count="1" type="stmt"/>
      <line num="46" count="2" type="stmt"/>
      <line num="49" count="1" type="stmt"/>
      <line num="50" count="2" type="stmt"/>
      <line num="53" count="1" type="stmt"/>
      <line num="54" count="2" type="stmt"/>
      <line num="57" count="1" type="stmt"/>
      <line num="58" count="4" type="stmt"/>
      <line num="61" count="1" type="stmt"/>
      <line num="62" count="8" type="stmt"/>
      <line num="64" count="2" type="stmt"/>
      <line num="66" count="2" type="stmt"/>
      <line num="68" count="2" type="stmt"/>
      <line num="70" count="2" type="stmt"/>
      <line num="74" count="1" type="stmt"/>
      <line num="75" count="1" type="stmt"/>
      <line num="78" count="1" type="stmt"/>
      <line num="79" count="1" type="stmt"/>
      <line num="82" count="1" type="stmt"/>
      <line num="83" count="1" type="stmt"/>
      <line num="86" count="1" type="stmt"/>
      <line num="87" count="1" type="stmt"/>
      <line num="90" count="33" type="cond" truecount="2" falsecount="0"/>
      <line num="91" count="17" type="stmt"/>
      <line num="92" count="17" type="stmt"/>
      <line num="94" count="17" type="cond" truecount="2" falsecount="0"/>
      <line num="95" count="14" type="stmt"/>
      <line num="96" count="14" type="stmt"/>
      <line num="97" count="14" type="stmt"/>
      <line num="98" count="14" type="stmt"/>
      <line num="101" count="17" type="cond" truecount="2" falsecount="0"/>
      <line num="102" count="10" type="stmt"/>
      <line num="103" count="10" type="stmt"/>
      <line num="104" count="10" type="stmt"/>
      <line num="105" count="10" type="stmt"/>
      <line num="108" count="17" type="cond" truecount="2" falsecount="0"/>
      <line num="109" count="6" type="stmt"/>
      <line num="110" count="6" type="stmt"/>
      <line num="111" count="6" type="stmt"/>
      <line num="112" count="6" type="stmt"/>
      <line num="115" count="17" type="cond" truecount="2" falsecount="0"/>
      <line num="116" count="3" type="stmt"/>
      <line num="117" count="3" type="stmt"/>
      <line num="118" count="3" type="stmt"/>
      <line num="121" count="17" type="stmt"/>
      <line num="124" count="1" type="stmt"/>
      <line num="126" count="33" type="cond" truecount="1" falsecount="1"/>
      <line num="128" count="33" type="stmt"/>
      <line num="129" count="33" type="stmt"/>
      <line num="130" count="33" type="cond" truecount="2" falsecount="0"/>
      <line num="131" count="2" type="stmt"/>
      <line num="133" count="31" type="cond" truecount="1" falsecount="1"/>
      <line num="134" count="0" type="stmt"/>
      <line num="136" count="31" type="stmt"/>
      <line num="138" count="1" type="stmt"/>
    </file>
  </project>
</coverage>
