{"/Users/josh/dev/duration/src/index.ts": {"path":"/Users/josh/dev/duration/src/index.ts","statementMap":{"0":{"start":{"line":1,"column":22},"end":{"line":1,"column":50}},"1":{"start":{"line":2,"column":25},"end":{"line":2,"column":50}},"2":{"start":{"line":14,"column":10},"end":{"line":14,"column":11}},"3":{"start":{"line":15,"column":6},"end":{"line":15,"column":14}},"4":{"start":{"line":16,"column":6},"end":{"line":16,"column":12}},"5":{"start":{"line":17,"column":6},"end":{"line":17,"column":12}},"6":{"start":{"line":18,"column":6},"end":{"line":18,"column":12}},"7":{"start":{"line":20,"column":36},"end":{"line":20,"column":51}},"8":{"start":{"line":22,"column":0},"end":{"line":22,"column":13}},"9":{"start":{"line":26,"column":4},"end":{"line":26,"column":23}},"10":{"start":{"line":29,"column":9},"end":{"line":47,"column":null}},"11":{"start":{"line":29,"column":26},"end":{"line":29,"column":null}},"12":{"start":{"line":30,"column":4},"end":{"line":30,"column":26}},"13":{"start":{"line":31,"column":4},"end":{"line":34,"column":null}},"14":{"start":{"line":32,"column":6},"end":{"line":32,"column":69}},"15":{"start":{"line":33,"column":6},"end":{"line":33,"column":61}},"16":{"start":{"line":35,"column":4},"end":{"line":46,"column":null}},"17":{"start":{"line":37,"column":8},"end":{"line":37,"column":39}},"18":{"start":{"line":39,"column":8},"end":{"line":39,"column":39}},"19":{"start":{"line":41,"column":8},"end":{"line":41,"column":39}},"20":{"start":{"line":43,"column":8},"end":{"line":43,"column":39}},"21":{"start":{"line":45,"column":8},"end":{"line":45,"column":35}},"22":{"start":{"line":49,"column":9},"end":{"line":51,"column":null}},"23":{"start":{"line":50,"column":4},"end":{"line":50,"column":37}},"24":{"start":{"line":53,"column":9},"end":{"line":55,"column":null}},"25":{"start":{"line":54,"column":4},"end":{"line":54,"column":37}},"26":{"start":{"line":57,"column":9},"end":{"line":59,"column":null}},"27":{"start":{"line":58,"column":4},"end":{"line":58,"column":37}},"28":{"start":{"line":61,"column":9},"end":{"line":63,"column":null}},"29":{"start":{"line":62,"column":4},"end":{"line":62,"column":37}},"30":{"start":{"line":65,"column":9},"end":{"line":67,"column":null}},"31":{"start":{"line":66,"column":4},"end":{"line":66,"column":37}},"32":{"start":{"line":69,"column":2},"end":{"line":71,"column":null}},"33":{"start":{"line":70,"column":4},"end":{"line":70,"column":22}},"34":{"start":{"line":73,"column":2},"end":{"line":86,"column":null}},"35":{"start":{"line":74,"column":4},"end":{"line":85,"column":null}},"36":{"start":{"line":76,"column":8},"end":{"line":76,"column":42}},"37":{"start":{"line":78,"column":8},"end":{"line":78,"column":42}},"38":{"start":{"line":80,"column":8},"end":{"line":80,"column":42}},"39":{"start":{"line":82,"column":8},"end":{"line":82,"column":42}},"40":{"start":{"line":84,"column":8},"end":{"line":84,"column":38}},"41":{"start":{"line":88,"column":2},"end":{"line":90,"column":null}},"42":{"start":{"line":89,"column":4},"end":{"line":89,"column":24}},"43":{"start":{"line":92,"column":2},"end":{"line":94,"column":null}},"44":{"start":{"line":93,"column":4},"end":{"line":93,"column":24}},"45":{"start":{"line":96,"column":2},"end":{"line":98,"column":null}},"46":{"start":{"line":97,"column":4},"end":{"line":97,"column":24}},"47":{"start":{"line":100,"column":2},"end":{"line":102,"column":null}},"48":{"start":{"line":101,"column":4},"end":{"line":101,"column":24}},"49":{"start":{"line":104,"column":2},"end":{"line":106,"column":null}},"50":{"start":{"line":105,"column":4},"end":{"line":105,"column":24}},"51":{"start":{"line":108,"column":2},"end":{"line":121,"column":null}},"52":{"start":{"line":109,"column":4},"end":{"line":120,"column":null}},"53":{"start":{"line":111,"column":8},"end":{"line":111,"column":null}},"54":{"start":{"line":113,"column":8},"end":{"line":113,"column":null}},"55":{"start":{"line":115,"column":8},"end":{"line":115,"column":null}},"56":{"start":{"line":117,"column":8},"end":{"line":117,"column":null}},"57":{"start":{"line":119,"column":8},"end":{"line":119,"column":null}},"58":{"start":{"line":123,"column":2},"end":{"line":164,"column":null}},"59":{"start":{"line":123,"column":2},"end":{"line":123,"column":8}},"60":{"start":{"line":123,"column":31},"end":{"line":123,"column":null}},"61":{"start":{"line":124,"column":26},"end":{"line":124,"column":38}},"62":{"start":{"line":126,"column":24},"end":{"line":126,"column":69}},"63":{"start":{"line":127,"column":25},"end":{"line":127,"column":70}},"64":{"start":{"line":128,"column":54},"end":{"line":128,"column":79}},"65":{"start":{"line":130,"column":4},"end":{"line":137,"column":null}},"66":{"start":{"line":131,"column":6},"end":{"line":135,"column":null}},"67":{"start":{"line":131,"column":39},"end":{"line":131,"column":60}},"68":{"start":{"line":132,"column":22},"end":{"line":132,"column":61}},"69":{"start":{"line":133,"column":8},"end":{"line":133,"column":null}},"70":{"start":{"line":134,"column":8},"end":{"line":134,"column":null}},"71":{"start":{"line":136,"column":6},"end":{"line":136,"column":null}},"72":{"start":{"line":139,"column":4},"end":{"line":149,"column":null}},"73":{"start":{"line":140,"column":18},"end":{"line":140,"column":36}},"74":{"start":{"line":141,"column":32},"end":{"line":141,"column":45}},"75":{"start":{"line":141,"column":17},"end":{"line":141,"column":19}},"76":{"start":{"line":141,"column":28},"end":{"line":141,"column":32}},"77":{"start":{"line":142,"column":20},"end":{"line":142,"column":52}},"78":{"start":{"line":143,"column":29},"end":{"line":143,"column":72}},"79":{"start":{"line":144,"column":6},"end":{"line":148,"column":null}},"80":{"start":{"line":145,"column":8},"end":{"line":145,"column":null}},"81":{"start":{"line":147,"column":8},"end":{"line":147,"column":null}},"82":{"start":{"line":151,"column":4},"end":{"line":161,"column":null}},"83":{"start":{"line":152,"column":18},"end":{"line":152,"column":36}},"84":{"start":{"line":153,"column":32},"end":{"line":153,"column":45}},"85":{"start":{"line":153,"column":17},"end":{"line":153,"column":19}},"86":{"start":{"line":153,"column":28},"end":{"line":153,"column":32}},"87":{"start":{"line":154,"column":20},"end":{"line":154,"column":41}},"88":{"start":{"line":155,"column":29},"end":{"line":155,"column":72}},"89":{"start":{"line":156,"column":6},"end":{"line":160,"column":null}},"90":{"start":{"line":157,"column":8},"end":{"line":157,"column":null}},"91":{"start":{"line":159,"column":8},"end":{"line":159,"column":null}},"92":{"start":{"line":163,"column":4},"end":{"line":163,"column":27}},"93":{"start":{"line":166,"column":17},"end":{"line":179,"column":null}},"94":{"start":{"line":168,"column":4},"end":{"line":168,"column":null}},"95":{"start":{"line":170,"column":19},"end":{"line":170,"column":32}},"96":{"start":{"line":171,"column":25},"end":{"line":171,"column":33}},"97":{"start":{"line":172,"column":4},"end":{"line":174,"column":null}},"98":{"start":{"line":173,"column":6},"end":{"line":173,"column":37}},"99":{"start":{"line":175,"column":4},"end":{"line":177,"column":null}},"100":{"start":{"line":176,"column":6},"end":{"line":176,"column":61}},"101":{"start":{"line":178,"column":4},"end":{"line":178,"column":18}},"102":{"start":{"line":180,"column":0},"end":{"line":180,"column":null}},"103":{"start":{"line":22,"column":13},"end":{"line":22,"column":21}}},"fnMap":{"0":{"name":"(anonymous_0)","decl":{"start":{"line":22,"column":0},"end":{"line":22,"column":13}},"loc":{"start":{"line":22,"column":0},"end":{"line":180,"column":null}}},"1":{"name":"Duration","decl":{"start":{"line":25,"column":2},"end":{"line":25,"column":14}},"loc":{"start":{"line":25,"column":27},"end":{"line":27,"column":3}}},"2":{"name":"(anonymous_2)","decl":{"start":{"line":29,"column":2},"end":{"line":29,"column":9}},"loc":{"start":{"line":29,"column":43},"end":{"line":47,"column":3}}},"3":{"name":"(anonymous_3)","decl":{"start":{"line":49,"column":2},"end":{"line":49,"column":9}},"loc":{"start":{"line":49,"column":27},"end":{"line":51,"column":3}}},"4":{"name":"(anonymous_4)","decl":{"start":{"line":53,"column":2},"end":{"line":53,"column":9}},"loc":{"start":{"line":53,"column":28},"end":{"line":55,"column":3}}},"5":{"name":"(anonymous_5)","decl":{"start":{"line":57,"column":2},"end":{"line":57,"column":9}},"loc":{"start":{"line":57,"column":30},"end":{"line":59,"column":3}}},"6":{"name":"(anonymous_6)","decl":{"start":{"line":61,"column":2},"end":{"line":61,"column":9}},"loc":{"start":{"line":61,"column":30},"end":{"line":63,"column":3}}},"7":{"name":"(anonymous_7)","decl":{"start":{"line":65,"column":2},"end":{"line":65,"column":9}},"loc":{"start":{"line":65,"column":35},"end":{"line":67,"column":3}}},"8":{"name":"(anonymous_8)","decl":{"start":{"line":69,"column":2},"end":{"line":69,"column":9}},"loc":{"start":{"line":69,"column":2},"end":{"line":71,"column":3}}},"9":{"name":"(anonymous_9)","decl":{"start":{"line":73,"column":2},"end":{"line":73,"column":4}},"loc":{"start":{"line":73,"column":15},"end":{"line":86,"column":3}}},"10":{"name":"(anonymous_10)","decl":{"start":{"line":88,"column":2},"end":{"line":88,"column":6}},"loc":{"start":{"line":88,"column":2},"end":{"line":90,"column":3}}},"11":{"name":"(anonymous_11)","decl":{"start":{"line":92,"column":2},"end":{"line":92,"column":7}},"loc":{"start":{"line":92,"column":2},"end":{"line":94,"column":3}}},"12":{"name":"(anonymous_12)","decl":{"start":{"line":96,"column":2},"end":{"line":96,"column":9}},"loc":{"start":{"line":96,"column":2},"end":{"line":98,"column":3}}},"13":{"name":"(anonymous_13)","decl":{"start":{"line":100,"column":2},"end":{"line":100,"column":9}},"loc":{"start":{"line":100,"column":2},"end":{"line":102,"column":3}}},"14":{"name":"(anonymous_14)","decl":{"start":{"line":104,"column":2},"end":{"line":104,"column":14}},"loc":{"start":{"line":104,"column":2},"end":{"line":106,"column":3}}},"15":{"name":"(anonymous_15)","decl":{"start":{"line":108,"column":2},"end":{"line":108,"column":7}},"loc":{"start":{"line":108,"column":33},"end":{"line":121,"column":3}}},"16":{"name":"(anonymous_16)","decl":{"start":{"line":123,"column":2},"end":{"line":123,"column":8}},"loc":{"start":{"line":123,"column":58},"end":{"line":164,"column":3}}},"17":{"name":"(anonymous_17)","decl":{"start":{"line":130,"column":20},"end":{"line":130,"column":21}},"loc":{"start":{"line":130,"column":44},"end":{"line":137,"column":5}}},"18":{"name":"(anonymous_18)","decl":{"start":{"line":131,"column":30},"end":{"line":131,"column":35}},"loc":{"start":{"line":131,"column":35},"end":{"line":131,"column":44}}},"19":{"name":"(anonymous_19)","decl":{"start":{"line":139,"column":45},"end":{"line":139,"column":46}},"loc":{"start":{"line":139,"column":56},"end":{"line":149,"column":5}}},"20":{"name":"(anonymous_20)","decl":{"start":{"line":151,"column":44},"end":{"line":151,"column":45}},"loc":{"start":{"line":151,"column":55},"end":{"line":161,"column":5}}},"21":{"name":"(anonymous_21)","decl":{"start":{"line":166,"column":2},"end":{"line":166,"column":17}},"loc":{"start":{"line":168,"column":31},"end":{"line":179,"column":3}}}},"branchMap":{"0":{"loc":{"start":{"line":29,"column":26},"end":{"line":29,"column":null}},"type":"if","locations":[{"start":{"line":29,"column":26},"end":{"line":29,"column":null}},{"start":{"line":29,"column":26},"end":{"line":29,"column":null}}]},"1":{"loc":{"start":{"line":31,"column":4},"end":{"line":34,"column":null}},"type":"if","locations":[{"start":{"line":31,"column":4},"end":{"line":34,"column":null}},{"start":{"line":31,"column":4},"end":{"line":34,"column":null}}]},"2":{"loc":{"start":{"line":36,"column":6},"end":{"line":37,"column":39}},"type":"switch","locations":[{"start":{"line":36,"column":6},"end":{"line":37,"column":39}},{"start":{"line":38,"column":6},"end":{"line":39,"column":39}},{"start":{"line":40,"column":6},"end":{"line":41,"column":39}},{"start":{"line":42,"column":6},"end":{"line":43,"column":39}},{"start":{"line":44,"column":6},"end":{"line":45,"column":35}}]},"3":{"loc":{"start":{"line":75,"column":6},"end":{"line":76,"column":42}},"type":"switch","locations":[{"start":{"line":75,"column":6},"end":{"line":76,"column":42}},{"start":{"line":77,"column":6},"end":{"line":78,"column":42}},{"start":{"line":79,"column":6},"end":{"line":80,"column":42}},{"start":{"line":81,"column":6},"end":{"line":82,"column":42}},{"start":{"line":83,"column":6},"end":{"line":84,"column":38}}]},"4":{"loc":{"start":{"line":110,"column":6},"end":{"line":111,"column":null}},"type":"switch","locations":[{"start":{"line":110,"column":6},"end":{"line":111,"column":null}},{"start":{"line":112,"column":6},"end":{"line":113,"column":null}},{"start":{"line":114,"column":6},"end":{"line":115,"column":null}},{"start":{"line":116,"column":6},"end":{"line":117,"column":null}},{"start":{"line":118,"column":6},"end":{"line":119,"column":null}}]},"5":{"loc":{"start":{"line":111,"column":29},"end":{"line":111,"column":34}},"type":"cond-expr","locations":[{"start":{"line":111,"column":29},"end":{"line":111,"column":34}},{"start":{"line":111,"column":37},"end":{"line":111,"column":43}}]},"6":{"loc":{"start":{"line":113,"column":29},"end":{"line":113,"column":35}},"type":"cond-expr","locations":[{"start":{"line":113,"column":29},"end":{"line":113,"column":35}},{"start":{"line":113,"column":38},"end":{"line":113,"column":45}}]},"7":{"loc":{"start":{"line":115,"column":29},"end":{"line":115,"column":37}},"type":"cond-expr","locations":[{"start":{"line":115,"column":29},"end":{"line":115,"column":37}},{"start":{"line":115,"column":40},"end":{"line":115,"column":49}}]},"8":{"loc":{"start":{"line":117,"column":29},"end":{"line":117,"column":37}},"type":"cond-expr","locations":[{"start":{"line":117,"column":29},"end":{"line":117,"column":37}},{"start":{"line":117,"column":40},"end":{"line":117,"column":49}}]},"9":{"loc":{"start":{"line":119,"column":29},"end":{"line":119,"column":42}},"type":"cond-expr","locations":[{"start":{"line":119,"column":29},"end":{"line":119,"column":42}},{"start":{"line":119,"column":45},"end":{"line":119,"column":59}}]},"10":{"loc":{"start":{"line":123,"column":31},"end":{"line":123,"column":null}},"type":"if","locations":[{"start":{"line":123,"column":31},"end":{"line":123,"column":null}},{"start":{"line":123,"column":31},"end":{"line":123,"column":null}}]},"11":{"loc":{"start":{"line":126,"column":63},"end":{"line":126,"column":67}},"type":"cond-expr","locations":[{"start":{"line":126,"column":63},"end":{"line":126,"column":67}},{"start":{"line":126,"column":67},"end":{"line":126,"column":69}}]},"12":{"loc":{"start":{"line":126,"column":24},"end":{"line":126,"column":67}},"type":"binary-expr","locations":[{"start":{"line":126,"column":24},"end":{"line":126,"column":67}},{"start":{"line":126,"column":63},"end":{"line":126,"column":67}}]},"13":{"loc":{"start":{"line":127,"column":64},"end":{"line":127,"column":68}},"type":"cond-expr","locations":[{"start":{"line":127,"column":64},"end":{"line":127,"column":68}},{"start":{"line":127,"column":68},"end":{"line":127,"column":70}}]},"14":{"loc":{"start":{"line":127,"column":25},"end":{"line":127,"column":68}},"type":"binary-expr","locations":[{"start":{"line":127,"column":25},"end":{"line":127,"column":68}},{"start":{"line":127,"column":64},"end":{"line":127,"column":68}}]},"15":{"loc":{"start":{"line":131,"column":6},"end":{"line":135,"column":null}},"type":"if","locations":[{"start":{"line":131,"column":6},"end":{"line":135,"column":null}},{"start":{"line":131,"column":6},"end":{"line":135,"column":null}}]},"16":{"loc":{"start":{"line":144,"column":6},"end":{"line":148,"column":null}},"type":"if","locations":[{"start":{"line":144,"column":6},"end":{"line":148,"column":null}},{"start":{"line":144,"column":6},"end":{"line":148,"column":null}}]},"17":{"loc":{"start":{"line":156,"column":6},"end":{"line":160,"column":null}},"type":"if","locations":[{"start":{"line":156,"column":6},"end":{"line":160,"column":null}},{"start":{"line":156,"column":6},"end":{"line":160,"column":null}}]},"18":{"loc":{"start":{"line":168,"column":4},"end":{"line":168,"column":null}},"type":"if","locations":[{"start":{"line":168,"column":4},"end":{"line":168,"column":null}},{"start":{"line":168,"column":4},"end":{"line":168,"column":null}}]},"19":{"loc":{"start":{"line":172,"column":4},"end":{"line":174,"column":null}},"type":"if","locations":[{"start":{"line":172,"column":4},"end":{"line":174,"column":null}},{"start":{"line":172,"column":4},"end":{"line":174,"column":null}}]},"20":{"loc":{"start":{"line":175,"column":4},"end":{"line":177,"column":null}},"type":"if","locations":[{"start":{"line":175,"column":4},"end":{"line":177,"column":null}},{"start":{"line":175,"column":4},"end":{"line":177,"column":null}}]}},"s":{"0":1,"1":1,"2":1,"3":1,"4":1,"5":1,"6":1,"7":1,"8":1,"9":29,"10":1,"11":29,"12":29,"13":29,"14":0,"15":0,"16":29,"17":11,"18":6,"19":4,"20":4,"21":4,"22":1,"23":10,"24":1,"25":5,"26":1,"27":3,"28":1,"29":3,"30":1,"31":3,"32":1,"33":5,"34":1,"35":22,"36":4,"37":4,"38":5,"39":5,"40":4,"41":1,"42":1,"43":1,"44":1,"45":1,"46":1,"47":1,"48":1,"49":1,"50":1,"51":1,"52":10,"53":2,"54":2,"55":2,"56":2,"57":2,"58":1,"59":32,"60":61,"61":32,"62":32,"63":32,"64":32,"65":32,"66":160,"67":176,"68":42,"69":42,"70":42,"71":118,"72":32,"73":43,"74":43,"75":43,"76":43,"77":43,"78":43,"79":43,"80":5,"81":38,"82":32,"83":12,"84":12,"85":12,"86":12,"87":12,"88":12,"89":12,"90":5,"91":7,"92":32,"93":1,"94":55,"95":55,"96":55,"97":55,"98":5,"99":50,"100":3,"101":47,"102":1,"103":1},"f":{"0":1,"1":29,"2":29,"3":10,"4":5,"5":3,"6":3,"7":3,"8":5,"9":22,"10":1,"11":1,"12":1,"13":1,"14":1,"15":10,"16":32,"17":160,"18":176,"19":43,"20":12,"21":55},"b":{"0":[0,29],"1":[0,29],"2":[11,6,4,4,4],"3":[4,4,5,5,4],"4":[2,2,2,2,2],"5":[1,1],"6":[1,1],"7":[1,1],"8":[1,1],"9":[1,1],"10":[29,3],"11":[12,20],"12":[32,12],"13":[22,10],"14":[32,22],"15":[42,118],"16":[5,38],"17":[5,7],"18":[0,55],"19":[5,50],"20":[3,47]}}
}
