{"/Users/josh/dev/duration/src/index.ts": {"path":"/Users/josh/dev/duration/src/index.ts","statementMap":{"0":{"start":{"line":11,"column":10},"end":{"line":11,"column":11}},"1":{"start":{"line":12,"column":6},"end":{"line":12,"column":14}},"2":{"start":{"line":13,"column":6},"end":{"line":13,"column":12}},"3":{"start":{"line":14,"column":6},"end":{"line":14,"column":12}},"4":{"start":{"line":15,"column":4},"end":{"line":15,"column":10}},"5":{"start":{"line":17,"column":0},"end":{"line":17,"column":13}},"6":{"start":{"line":21,"column":4},"end":{"line":21,"column":23}},"7":{"start":{"line":24,"column":9},"end":{"line":42,"column":null}},"8":{"start":{"line":24,"column":26},"end":{"line":24,"column":null}},"9":{"start":{"line":25,"column":4},"end":{"line":25,"column":26}},"10":{"start":{"line":26,"column":4},"end":{"line":29,"column":null}},"11":{"start":{"line":27,"column":6},"end":{"line":27,"column":69}},"12":{"start":{"line":28,"column":6},"end":{"line":28,"column":61}},"13":{"start":{"line":30,"column":4},"end":{"line":41,"column":null}},"14":{"start":{"line":32,"column":8},"end":{"line":32,"column":null}},"15":{"start":{"line":34,"column":8},"end":{"line":34,"column":39}},"16":{"start":{"line":36,"column":8},"end":{"line":36,"column":39}},"17":{"start":{"line":38,"column":8},"end":{"line":38,"column":39}},"18":{"start":{"line":40,"column":8},"end":{"line":40,"column":35}},"19":{"start":{"line":44,"column":9},"end":{"line":46,"column":null}},"20":{"start":{"line":45,"column":4},"end":{"line":45,"column":37}},"21":{"start":{"line":48,"column":9},"end":{"line":50,"column":null}},"22":{"start":{"line":49,"column":4},"end":{"line":49,"column":37}},"23":{"start":{"line":52,"column":9},"end":{"line":54,"column":null}},"24":{"start":{"line":53,"column":4},"end":{"line":53,"column":37}},"25":{"start":{"line":56,"column":9},"end":{"line":58,"column":null}},"26":{"start":{"line":57,"column":4},"end":{"line":57,"column":37}},"27":{"start":{"line":60,"column":9},"end":{"line":62,"column":null}},"28":{"start":{"line":61,"column":4},"end":{"line":61,"column":37}},"29":{"start":{"line":64,"column":2},"end":{"line":66,"column":null}},"30":{"start":{"line":65,"column":4},"end":{"line":65,"column":22}},"31":{"start":{"line":68,"column":2},"end":{"line":81,"column":null}},"32":{"start":{"line":69,"column":4},"end":{"line":80,"column":null}},"33":{"start":{"line":71,"column":8},"end":{"line":71,"column":42}},"34":{"start":{"line":73,"column":8},"end":{"line":73,"column":42}},"35":{"start":{"line":75,"column":8},"end":{"line":75,"column":42}},"36":{"start":{"line":77,"column":8},"end":{"line":77,"column":42}},"37":{"start":{"line":79,"column":8},"end":{"line":79,"column":38}},"38":{"start":{"line":83,"column":2},"end":{"line":85,"column":null}},"39":{"start":{"line":84,"column":4},"end":{"line":84,"column":24}},"40":{"start":{"line":87,"column":2},"end":{"line":89,"column":null}},"41":{"start":{"line":88,"column":4},"end":{"line":88,"column":24}},"42":{"start":{"line":91,"column":2},"end":{"line":93,"column":null}},"43":{"start":{"line":92,"column":4},"end":{"line":92,"column":24}},"44":{"start":{"line":95,"column":2},"end":{"line":97,"column":null}},"45":{"start":{"line":96,"column":4},"end":{"line":96,"column":24}},"46":{"start":{"line":99,"column":2},"end":{"line":101,"column":null}},"47":{"start":{"line":100,"column":4},"end":{"line":100,"column":24}},"48":{"start":{"line":103,"column":2},"end":{"line":142,"column":null}},"49":{"start":{"line":103,"column":31},"end":{"line":103,"column":null}},"50":{"start":{"line":104,"column":26},"end":{"line":104,"column":38}},"51":{"start":{"line":105,"column":28},"end":{"line":105,"column":38}},"52":{"start":{"line":107,"column":4},"end":{"line":112,"column":null}},"53":{"start":{"line":108,"column":19},"end":{"line":108,"column":52}},"54":{"start":{"line":109,"column":6},"end":{"line":109,"column":55}},"55":{"start":{"line":110,"column":18},"end":{"line":110,"column":60}},"56":{"start":{"line":111,"column":6},"end":{"line":111,"column":58}},"57":{"start":{"line":114,"column":4},"end":{"line":119,"column":null}},"58":{"start":{"line":115,"column":20},"end":{"line":115,"column":53}},"59":{"start":{"line":116,"column":6},"end":{"line":116,"column":56}},"60":{"start":{"line":117,"column":18},"end":{"line":117,"column":61}},"61":{"start":{"line":118,"column":6},"end":{"line":118,"column":58}},"62":{"start":{"line":121,"column":4},"end":{"line":126,"column":null}},"63":{"start":{"line":122,"column":22},"end":{"line":122,"column":55}},"64":{"start":{"line":123,"column":6},"end":{"line":123,"column":58}},"65":{"start":{"line":124,"column":18},"end":{"line":124,"column":63}},"66":{"start":{"line":125,"column":6},"end":{"line":125,"column":58}},"67":{"start":{"line":128,"column":4},"end":{"line":133,"column":null}},"68":{"start":{"line":129,"column":22},"end":{"line":129,"column":55}},"69":{"start":{"line":130,"column":6},"end":{"line":130,"column":58}},"70":{"start":{"line":131,"column":18},"end":{"line":131,"column":63}},"71":{"start":{"line":132,"column":6},"end":{"line":132,"column":58}},"72":{"start":{"line":135,"column":4},"end":{"line":139,"column":null}},"73":{"start":{"line":136,"column":27},"end":{"line":136,"column":60}},"74":{"start":{"line":137,"column":18},"end":{"line":137,"column":68}},"75":{"start":{"line":138,"column":6},"end":{"line":138,"column":58}},"76":{"start":{"line":141,"column":4},"end":{"line":141,"column":27}},"77":{"start":{"line":144,"column":17},"end":{"line":157,"column":null}},"78":{"start":{"line":146,"column":4},"end":{"line":146,"column":null}},"79":{"start":{"line":148,"column":19},"end":{"line":148,"column":32}},"80":{"start":{"line":149,"column":25},"end":{"line":149,"column":33}},"81":{"start":{"line":150,"column":4},"end":{"line":152,"column":null}},"82":{"start":{"line":151,"column":6},"end":{"line":151,"column":37}},"83":{"start":{"line":153,"column":4},"end":{"line":155,"column":null}},"84":{"start":{"line":154,"column":6},"end":{"line":154,"column":60}},"85":{"start":{"line":156,"column":4},"end":{"line":156,"column":18}},"86":{"start":{"line":158,"column":0},"end":{"line":158,"column":null}},"87":{"start":{"line":17,"column":13},"end":{"line":17,"column":21}}},"fnMap":{"0":{"name":"(anonymous_0)","decl":{"start":{"line":17,"column":0},"end":{"line":17,"column":13}},"loc":{"start":{"line":17,"column":0},"end":{"line":158,"column":null}}},"1":{"name":"Duration","decl":{"start":{"line":20,"column":2},"end":{"line":20,"column":14}},"loc":{"start":{"line":20,"column":27},"end":{"line":22,"column":3}}},"2":{"name":"(anonymous_2)","decl":{"start":{"line":24,"column":2},"end":{"line":24,"column":9}},"loc":{"start":{"line":24,"column":43},"end":{"line":42,"column":3}}},"3":{"name":"(anonymous_3)","decl":{"start":{"line":44,"column":2},"end":{"line":44,"column":9}},"loc":{"start":{"line":44,"column":27},"end":{"line":46,"column":3}}},"4":{"name":"(anonymous_4)","decl":{"start":{"line":48,"column":2},"end":{"line":48,"column":9}},"loc":{"start":{"line":48,"column":28},"end":{"line":50,"column":3}}},"5":{"name":"(anonymous_5)","decl":{"start":{"line":52,"column":2},"end":{"line":52,"column":9}},"loc":{"start":{"line":52,"column":30},"end":{"line":54,"column":3}}},"6":{"name":"(anonymous_6)","decl":{"start":{"line":56,"column":2},"end":{"line":56,"column":9}},"loc":{"start":{"line":56,"column":30},"end":{"line":58,"column":3}}},"7":{"name":"(anonymous_7)","decl":{"start":{"line":60,"column":2},"end":{"line":60,"column":9}},"loc":{"start":{"line":60,"column":35},"end":{"line":62,"column":3}}},"8":{"name":"(anonymous_8)","decl":{"start":{"line":64,"column":2},"end":{"line":64,"column":9}},"loc":{"start":{"line":64,"column":2},"end":{"line":66,"column":3}}},"9":{"name":"(anonymous_9)","decl":{"start":{"line":68,"column":2},"end":{"line":68,"column":4}},"loc":{"start":{"line":68,"column":15},"end":{"line":81,"column":3}}},"10":{"name":"(anonymous_10)","decl":{"start":{"line":83,"column":2},"end":{"line":83,"column":6}},"loc":{"start":{"line":83,"column":2},"end":{"line":85,"column":3}}},"11":{"name":"(anonymous_11)","decl":{"start":{"line":87,"column":2},"end":{"line":87,"column":7}},"loc":{"start":{"line":87,"column":2},"end":{"line":89,"column":3}}},"12":{"name":"(anonymous_12)","decl":{"start":{"line":91,"column":2},"end":{"line":91,"column":9}},"loc":{"start":{"line":91,"column":2},"end":{"line":93,"column":3}}},"13":{"name":"(anonymous_13)","decl":{"start":{"line":95,"column":2},"end":{"line":95,"column":9}},"loc":{"start":{"line":95,"column":2},"end":{"line":97,"column":3}}},"14":{"name":"(anonymous_14)","decl":{"start":{"line":99,"column":2},"end":{"line":99,"column":14}},"loc":{"start":{"line":99,"column":2},"end":{"line":101,"column":3}}},"15":{"name":"(anonymous_15)","decl":{"start":{"line":103,"column":2},"end":{"line":103,"column":8}},"loc":{"start":{"line":103,"column":58},"end":{"line":142,"column":3}}},"16":{"name":"(anonymous_16)","decl":{"start":{"line":144,"column":2},"end":{"line":144,"column":17}},"loc":{"start":{"line":146,"column":31},"end":{"line":157,"column":3}}}},"branchMap":{"0":{"loc":{"start":{"line":24,"column":26},"end":{"line":24,"column":null}},"type":"if","locations":[{"start":{"line":24,"column":26},"end":{"line":24,"column":null}},{"start":{"line":24,"column":26},"end":{"line":24,"column":null}}]},"1":{"loc":{"start":{"line":26,"column":4},"end":{"line":29,"column":null}},"type":"if","locations":[{"start":{"line":26,"column":4},"end":{"line":29,"column":null}},{"start":{"line":26,"column":4},"end":{"line":29,"column":null}}]},"2":{"loc":{"start":{"line":31,"column":6},"end":{"line":32,"column":null}},"type":"switch","locations":[{"start":{"line":31,"column":6},"end":{"line":32,"column":null}},{"start":{"line":33,"column":6},"end":{"line":34,"column":39}},{"start":{"line":35,"column":6},"end":{"line":36,"column":39}},{"start":{"line":37,"column":6},"end":{"line":38,"column":39}},{"start":{"line":39,"column":6},"end":{"line":40,"column":35}}]},"3":{"loc":{"start":{"line":70,"column":6},"end":{"line":71,"column":42}},"type":"switch","locations":[{"start":{"line":70,"column":6},"end":{"line":71,"column":42}},{"start":{"line":72,"column":6},"end":{"line":73,"column":42}},{"start":{"line":74,"column":6},"end":{"line":75,"column":42}},{"start":{"line":76,"column":6},"end":{"line":77,"column":42}},{"start":{"line":78,"column":6},"end":{"line":79,"column":38}}]},"4":{"loc":{"start":{"line":103,"column":31},"end":{"line":103,"column":null}},"type":"if","locations":[{"start":{"line":103,"column":31},"end":{"line":103,"column":null}},{"start":{"line":103,"column":31},"end":{"line":103,"column":null}}]},"5":{"loc":{"start":{"line":107,"column":4},"end":{"line":112,"column":null}},"type":"if","locations":[{"start":{"line":107,"column":4},"end":{"line":112,"column":null}},{"start":{"line":107,"column":4},"end":{"line":112,"column":null}}]},"6":{"loc":{"start":{"line":114,"column":4},"end":{"line":119,"column":null}},"type":"if","locations":[{"start":{"line":114,"column":4},"end":{"line":119,"column":null}},{"start":{"line":114,"column":4},"end":{"line":119,"column":null}}]},"7":{"loc":{"start":{"line":121,"column":4},"end":{"line":126,"column":null}},"type":"if","locations":[{"start":{"line":121,"column":4},"end":{"line":126,"column":null}},{"start":{"line":121,"column":4},"end":{"line":126,"column":null}}]},"8":{"loc":{"start":{"line":128,"column":4},"end":{"line":133,"column":null}},"type":"if","locations":[{"start":{"line":128,"column":4},"end":{"line":133,"column":null}},{"start":{"line":128,"column":4},"end":{"line":133,"column":null}}]},"9":{"loc":{"start":{"line":135,"column":4},"end":{"line":139,"column":null}},"type":"if","locations":[{"start":{"line":135,"column":4},"end":{"line":139,"column":null}},{"start":{"line":135,"column":4},"end":{"line":139,"column":null}}]},"10":{"loc":{"start":{"line":146,"column":4},"end":{"line":146,"column":null}},"type":"if","locations":[{"start":{"line":146,"column":4},"end":{"line":146,"column":null}},{"start":{"line":146,"column":4},"end":{"line":146,"column":null}}]},"11":{"loc":{"start":{"line":150,"column":4},"end":{"line":152,"column":null}},"type":"if","locations":[{"start":{"line":150,"column":4},"end":{"line":152,"column":null}},{"start":{"line":150,"column":4},"end":{"line":152,"column":null}}]},"12":{"loc":{"start":{"line":153,"column":4},"end":{"line":155,"column":null}},"type":"if","locations":[{"start":{"line":153,"column":4},"end":{"line":155,"column":null}},{"start":{"line":153,"column":4},"end":{"line":155,"column":null}}]}},"s":{"0":1,"1":1,"2":1,"3":1,"4":1,"5":1,"6":21,"7":1,"8":21,"9":21,"10":21,"11":0,"12":0,"13":21,"14":4,"15":8,"16":3,"17":3,"18":3,"19":1,"20":3,"21":1,"22":7,"23":1,"24":2,"25":1,"26":2,"27":1,"28":2,"29":1,"30":5,"31":1,"32":10,"33":2,"34":2,"35":2,"36":2,"37":2,"38":1,"39":1,"40":1,"41":1,"42":1,"43":1,"44":1,"45":1,"46":1,"47":1,"48":1,"49":35,"50":18,"51":18,"52":18,"53":1,"54":1,"55":1,"56":1,"57":18,"58":14,"59":14,"60":14,"61":14,"62":18,"63":10,"64":10,"65":10,"66":10,"67":18,"68":6,"69":6,"70":6,"71":6,"72":18,"73":3,"74":3,"75":3,"76":18,"77":1,"78":34,"79":34,"80":34,"81":34,"82":2,"83":32,"84":0,"85":32,"86":1,"87":1},"f":{"0":1,"1":21,"2":21,"3":3,"4":7,"5":2,"6":2,"7":2,"8":5,"9":10,"10":1,"11":1,"12":1,"13":1,"14":1,"15":18,"16":34},"b":{"0":[0,21],"1":[0,21],"2":[4,8,3,3,3],"3":[2,2,2,2,2],"4":[17,1],"5":[1,17],"6":[14,4],"7":[10,8],"8":[6,12],"9":[3,15],"10":[0,34],"11":[2,32],"12":[0,32]}}
}
