TN:
SF:src/index.ts
FN:22,(anonymous_0)
FN:25,Duration
FN:29,(anonymous_2)
FN:49,(anonymous_3)
FN:53,(anonymous_4)
FN:57,(anonymous_5)
FN:61,(anonymous_6)
FN:65,(anonymous_7)
FN:69,(anonymous_8)
FN:73,(anonymous_9)
FN:88,(anonymous_10)
FN:92,(anonymous_11)
FN:96,(anonymous_12)
FN:100,(anonymous_13)
FN:104,(anonymous_14)
FN:108,(anonymous_15)
FN:123,(anonymous_16)
FN:130,(anonymous_17)
FN:131,(anonymous_18)
FN:139,(anonymous_19)
FN:151,(anonymous_20)
FN:166,(anonymous_21)
FNF:22
FNH:22
FNDA:1,(anonymous_0)
FNDA:29,Duration
FNDA:29,(anonymous_2)
FNDA:10,(anonymous_3)
FNDA:5,(anonymous_4)
FNDA:3,(anonymous_5)
FNDA:3,(anonymous_6)
FNDA:3,(anonymous_7)
FNDA:5,(anonymous_8)
FNDA:22,(anonymous_9)
FNDA:1,(anonymous_10)
FNDA:1,(anonymous_11)
FNDA:1,(anonymous_12)
FNDA:1,(anonymous_13)
FNDA:1,(anonymous_14)
FNDA:10,(anonymous_15)
FNDA:32,(anonymous_16)
FNDA:160,(anonymous_17)
FNDA:176,(anonymous_18)
FNDA:43,(anonymous_19)
FNDA:12,(anonymous_20)
FNDA:55,(anonymous_21)
DA:1,1
DA:2,1
DA:14,1
DA:15,1
DA:16,1
DA:17,1
DA:18,1
DA:20,1
DA:22,1
DA:26,29
DA:29,29
DA:30,29
DA:31,29
DA:32,0
DA:33,0
DA:35,29
DA:37,11
DA:39,6
DA:41,4
DA:43,4
DA:45,4
DA:49,1
DA:50,10
DA:53,1
DA:54,5
DA:57,1
DA:58,3
DA:61,1
DA:62,3
DA:65,1
DA:66,3
DA:69,1
DA:70,5
DA:73,1
DA:74,22
DA:76,4
DA:78,4
DA:80,5
DA:82,5
DA:84,4
DA:88,1
DA:89,1
DA:92,1
DA:93,1
DA:96,1
DA:97,1
DA:100,1
DA:101,1
DA:104,1
DA:105,1
DA:108,1
DA:109,10
DA:111,2
DA:113,2
DA:115,2
DA:117,2
DA:119,2
DA:123,61
DA:124,32
DA:126,32
DA:127,32
DA:128,32
DA:130,32
DA:131,176
DA:132,42
DA:133,42
DA:134,42
DA:136,118
DA:139,32
DA:140,43
DA:141,43
DA:142,43
DA:143,43
DA:144,43
DA:145,5
DA:147,38
DA:151,32
DA:152,12
DA:153,12
DA:154,12
DA:155,12
DA:156,12
DA:157,5
DA:159,7
DA:163,32
DA:166,1
DA:168,55
DA:170,55
DA:171,55
DA:172,55
DA:173,5
DA:175,50
DA:176,3
DA:178,47
DA:180,1
LF:95
LH:93
BRDA:29,0,0,0
BRDA:29,0,1,29
BRDA:31,1,0,0
BRDA:31,1,1,29
BRDA:36,2,0,11
BRDA:36,2,1,6
BRDA:36,2,2,4
BRDA:36,2,3,4
BRDA:36,2,4,4
BRDA:75,3,0,4
BRDA:75,3,1,4
BRDA:75,3,2,5
BRDA:75,3,3,5
BRDA:75,3,4,4
BRDA:110,4,0,2
BRDA:110,4,1,2
BRDA:110,4,2,2
BRDA:110,4,3,2
BRDA:110,4,4,2
BRDA:111,5,0,1
BRDA:111,5,1,1
BRDA:113,6,0,1
BRDA:113,6,1,1
BRDA:115,7,0,1
BRDA:115,7,1,1
BRDA:117,8,0,1
BRDA:117,8,1,1
BRDA:119,9,0,1
BRDA:119,9,1,1
BRDA:123,10,0,29
BRDA:123,10,1,3
BRDA:126,11,0,12
BRDA:126,11,1,20
BRDA:126,12,0,32
BRDA:126,12,1,12
BRDA:127,13,0,22
BRDA:127,13,1,10
BRDA:127,14,0,32
BRDA:127,14,1,22
BRDA:131,15,0,42
BRDA:131,15,1,118
BRDA:144,16,0,5
BRDA:144,16,1,38
BRDA:156,17,0,5
BRDA:156,17,1,7
BRDA:168,18,0,0
BRDA:168,18,1,55
BRDA:172,19,0,5
BRDA:172,19,1,50
BRDA:175,20,0,3
BRDA:175,20,1,47
BRF:51
BRH:48
end_of_record
