TN:
SF:src/index.ts
FN:17,(anonymous_0)
FN:20,Duration
FN:24,(anonymous_2)
FN:44,(anonymous_3)
FN:48,(anonymous_4)
FN:52,(anonymous_5)
FN:56,(anonymous_6)
FN:60,(anonymous_7)
FN:64,(anonymous_8)
FN:68,(anonymous_9)
FN:83,(anonymous_10)
FN:87,(anonymous_11)
FN:91,(anonymous_12)
FN:95,(anonymous_13)
FN:99,(anonymous_14)
FN:103,(anonymous_15)
FN:144,(anonymous_16)
FNF:17
FNH:17
FNDA:1,(anonymous_0)
FNDA:21,Duration
FNDA:21,(anonymous_2)
FNDA:3,(anonymous_3)
FNDA:7,(anonymous_4)
FNDA:2,(anonymous_5)
FNDA:2,(anonymous_6)
FNDA:2,(anonymous_7)
FNDA:5,(anonymous_8)
FNDA:10,(anonymous_9)
FNDA:1,(anonymous_10)
FNDA:1,(anonymous_11)
FNDA:1,(anonymous_12)
FNDA:1,(anonymous_13)
FNDA:1,(anonymous_14)
FNDA:18,(anonymous_15)
FNDA:34,(anonymous_16)
DA:11,1
DA:12,1
DA:13,1
DA:14,1
DA:15,1
DA:17,1
DA:21,21
DA:24,21
DA:25,21
DA:26,21
DA:27,0
DA:28,0
DA:30,21
DA:32,4
DA:34,8
DA:36,3
DA:38,3
DA:40,3
DA:44,1
DA:45,3
DA:48,1
DA:49,7
DA:52,1
DA:53,2
DA:56,1
DA:57,2
DA:60,1
DA:61,2
DA:64,1
DA:65,5
DA:68,1
DA:69,10
DA:71,2
DA:73,2
DA:75,2
DA:77,2
DA:79,2
DA:83,1
DA:84,1
DA:87,1
DA:88,1
DA:91,1
DA:92,1
DA:95,1
DA:96,1
DA:99,1
DA:100,1
DA:103,35
DA:104,18
DA:105,18
DA:107,18
DA:108,1
DA:109,1
DA:110,1
DA:111,1
DA:114,18
DA:115,14
DA:116,14
DA:117,14
DA:118,14
DA:121,18
DA:122,10
DA:123,10
DA:124,10
DA:125,10
DA:128,18
DA:129,6
DA:130,6
DA:131,6
DA:132,6
DA:135,18
DA:136,3
DA:137,3
DA:138,3
DA:141,18
DA:144,1
DA:146,34
DA:148,34
DA:149,34
DA:150,34
DA:151,2
DA:153,32
DA:154,0
DA:156,32
DA:158,1
LF:85
LH:82
BRDA:24,0,0,0
BRDA:24,0,1,21
BRDA:26,1,0,0
BRDA:26,1,1,21
BRDA:31,2,0,4
BRDA:31,2,1,8
BRDA:31,2,2,3
BRDA:31,2,3,3
BRDA:31,2,4,3
BRDA:70,3,0,2
BRDA:70,3,1,2
BRDA:70,3,2,2
BRDA:70,3,3,2
BRDA:70,3,4,2
BRDA:103,4,0,17
BRDA:103,4,1,1
BRDA:107,5,0,1
BRDA:107,5,1,17
BRDA:114,6,0,14
BRDA:114,6,1,4
BRDA:121,7,0,10
BRDA:121,7,1,8
BRDA:128,8,0,6
BRDA:128,8,1,12
BRDA:135,9,0,3
BRDA:135,9,1,15
BRDA:146,10,0,0
BRDA:146,10,1,34
BRDA:150,11,0,2
BRDA:150,11,1,32
BRDA:153,12,0,0
BRDA:153,12,1,32
BRF:32
BRH:28
end_of_record
